<?xml version="1.0" encoding="UTF-8"?>
<testsuite name="evento.business.implEvents.GetEventUseCaseImplTest" tests="1" skipped="0" failures="0" errors="0" timestamp="2023-01-13T19:58:44" hostname="IULIA" time="0.021">
  <properties/>
  <testcase name="getEvent()" classname="evento.business.implEvents.GetEventUseCaseImplTest" time="0.021"/>
  <system-out><![CDATA[]]></system-out>
  <system-err><![CDATA[]]></system-err>
</testsuite>
