<?xml version="1.0" encoding="UTF-8"?>
<testsuite name="evento.persistance.converters.EventConverterTest" tests="1" skipped="0" failures="0" errors="0" timestamp="2023-01-13T19:58:44" hostname="IULIA" time="0.013">
  <properties/>
  <testcase name="convertEntityToDomain()" classname="evento.persistance.converters.EventConverterTest" time="0.013"/>
  <system-out><![CDATA[]]></system-out>
  <system-err><![CDATA[]]></system-err>
</testsuite>
