<?xml version="1.0" encoding="UTF-8"?>
<testsuite name="evento.business.implEvents.UpdateEventUseCaseImplTest" tests="1" skipped="0" failures="0" errors="0" timestamp="2023-01-13T19:58:44" hostname="IULIA" time="0.001">
  <properties/>
  <testcase name="updateEvent()" classname="evento.business.implEvents.UpdateEventUseCaseImplTest" time="0.001"/>
  <system-out><![CDATA[]]></system-out>
  <system-err><![CDATA[]]></system-err>
</testsuite>
